Friday, 23-Sep-2016 02:53:11 - restore started
Friday, 23-Sep-2016 02:53:11 - wp version     : 4.5.4
Friday, 23-Sep-2016 02:53:11 - php version    : 5.6.9
Friday, 23-Sep-2016 02:53:11 - mysql version  : 5.7.13
Friday, 23-Sep-2016 02:53:11 - memory limit   : 1024M
Friday, 23-Sep-2016 02:53:11 - execution time : 600
Friday, 23-Sep-2016 02:53:11 - mysql timeout  : 600
Friday, 23-Sep-2016 02:53:11 - socket timeout : 600
Friday, 23-Sep-2016 02:53:11 - file download started
Friday, 23-Sep-2016 02:53:14 - download finished, filesize - 312.77 MB
Friday, 23-Sep-2016 02:53:14 - extracting database using ziparchive
Friday, 23-Sep-2016 02:53:14 - database import started
Friday, 23-Sep-2016 02:53:15 - updating mysql query with current site's url - new query : "INSERT INTO wpnp_options VALUES("1","siteurl","http://kaijiancare.com","yes")"
Friday, 23-Sep-2016 02:53:18 - mysql query failed. error : 1065 Query was empty - query : ""
Friday, 23-Sep-2016 02:53:18 - database import finished
Friday, 23-Sep-2016 02:53:18 - search and replace started
Friday, 23-Sep-2016 02:53:18 - there are 31 tables to scan
Friday, 23-Sep-2016 02:53:20 - search and replace finished
Friday, 23-Sep-2016 02:53:20 - extracting archive using ziparchive
Friday, 23-Sep-2016 02:53:22 - copying files..
Friday, 23-Sep-2016 02:53:29 - deleting temp directory..
Friday, 23-Sep-2016 02:53:30 - deleting downloaded zip file..
Friday, 23-Sep-2016 02:53:30 - restore finished
