Thursday, 22-Sep-2016 17:51:37 - restore started
Thursday, 22-Sep-2016 17:51:37 - wp version     : 4.5.4
Thursday, 22-Sep-2016 17:51:37 - php version    : 7.0.8
Thursday, 22-Sep-2016 17:51:37 - mysql version  : 5.7.13
Thursday, 22-Sep-2016 17:51:37 - memory limit   : 1024M
Thursday, 22-Sep-2016 17:51:37 - execution time : 600
Thursday, 22-Sep-2016 17:51:37 - mysql timeout  : 
Thursday, 22-Sep-2016 17:51:37 - socket timeout : 600
Thursday, 22-Sep-2016 17:51:37 - file download started
Thursday, 22-Sep-2016 17:51:40 - download finished, filesize - 312.77 MB
Thursday, 22-Sep-2016 17:51:40 - extracting database using ziparchive
Thursday, 22-Sep-2016 17:51:40 - database import started
Thursday, 22-Sep-2016 17:51:50 - updating mysql query with current site's url - new query : "INSERT INTO wpnp_options VALUES("1","siteurl","http://kaijiancare.com","yes")"
Thursday, 22-Sep-2016 17:52:07 - database import finished
Thursday, 22-Sep-2016 17:52:07 - search and replace started
Thursday, 22-Sep-2016 17:52:07 - there are 0 tables to scan
Thursday, 22-Sep-2016 17:52:07 - search and replace finished
Thursday, 22-Sep-2016 17:52:07 - extracting archive using ziparchive
Thursday, 22-Sep-2016 17:52:09 - copying files..
Thursday, 22-Sep-2016 17:52:14 - deleting temp directory..
Thursday, 22-Sep-2016 17:52:16 - deleting downloaded zip file..
Thursday, 22-Sep-2016 17:52:16 - restore finished
