Thursday, 22-Sep-2016 18:32:08 - restore started
Thursday, 22-Sep-2016 18:32:08 - wp version     : 4.5.4
Thursday, 22-Sep-2016 18:32:08 - php version    : 5.6.9
Thursday, 22-Sep-2016 18:32:08 - mysql version  : 5.7.13
Thursday, 22-Sep-2016 18:32:08 - memory limit   : 1024M
Thursday, 22-Sep-2016 18:32:08 - execution time : 600
Thursday, 22-Sep-2016 18:32:08 - mysql timeout  : 600
Thursday, 22-Sep-2016 18:32:08 - socket timeout : 600
Thursday, 22-Sep-2016 18:32:08 - file download started
Thursday, 22-Sep-2016 18:32:11 - download finished, filesize - 312.77 MB
Thursday, 22-Sep-2016 18:32:11 - extracting database using ziparchive
Thursday, 22-Sep-2016 18:32:11 - changing prefix from "wp_" to "wpnp_"
Thursday, 22-Sep-2016 18:32:11 - database import started
Thursday, 22-Sep-2016 18:32:11 - updating mysql query with current site's url - new query : "INSERT INTO wpnp_options VALUES("1","siteurl","http://kaijiancare.com","yes")"
Thursday, 22-Sep-2016 18:32:15 - mysql query failed. error : 1065 Query was empty - query : ""
Thursday, 22-Sep-2016 18:32:15 - database import finished
Thursday, 22-Sep-2016 18:32:15 - search and replace started
Thursday, 22-Sep-2016 18:32:15 - there are 31 tables to scan
Thursday, 22-Sep-2016 18:32:16 - search and replace finished
Thursday, 22-Sep-2016 18:32:16 - extracting archive using ziparchive
Thursday, 22-Sep-2016 18:32:19 - copying files..
Thursday, 22-Sep-2016 18:32:25 - deleting temp directory..
Thursday, 22-Sep-2016 18:32:27 - deleting downloaded zip file..
Thursday, 22-Sep-2016 18:32:27 - restore finished
